  [1m[35m (176.1ms)[0m  [1m[35mCREATE DATABASE "trading_app_api_development" ENCODING = 'unicode'[0m
  [1m[35m (76.1ms)[0m  [1m[35mCREATE DATABASE "trading_app_api_test" ENCODING = 'unicode'[0m
  [1m[35m (32.1ms)[0m  [1m[35mCREATE TABLE "schema_migrations" ("version" character varying NOT NULL PRIMARY KEY)[0m
  [1m[35m (6.1ms)[0m  [1m[35mCREATE TABLE "ar_internal_metadata" ("key" character varying NOT NULL PRIMARY KEY, "value" character varying, "created_at" timestamp(6) NOT NULL, "updated_at" timestamp(6) NOT NULL)[0m
  [1m[35m (1.6ms)[0m  [1m[34mSELECT pg_try_advisory_lock(2620032425331935145)[0m
  [1m[35m (1.3ms)[0m  [1m[34mSELECT "schema_migrations"."version" FROM "schema_migrations" ORDER BY "schema_migrations"."version" ASC[0m
Migrating to CreateTraders (20200505230921)
  [1m[35m (0.3ms)[0m  [1m[35mBEGIN[0m
  [1m[35m (11.5ms)[0m  [1m[35mCREATE TABLE "traders" ("id" bigserial primary key, "name" character varying, "money" decimal(8,2), "created_at" timestamp(6) NOT NULL, "updated_at" timestamp(6) NOT NULL)[0m
  [1m[36mprimary::SchemaMigration Create (3.8ms)[0m  [1m[32mINSERT INTO "schema_migrations" ("version") VALUES ($1) RETURNING "version"[0m  [["version", "20200505230921"]]
  [1m[35m (0.4ms)[0m  [1m[35mCOMMIT[0m
Migrating to CreateCommodities (20200505231030)
  [1m[35m (0.2ms)[0m  [1m[35mBEGIN[0m
  [1m[35m (4.1ms)[0m  [1m[35mCREATE TABLE "commodities" ("id" bigserial primary key, "name" character varying, "price" decimal(8,2), "created_at" timestamp(6) NOT NULL, "updated_at" timestamp(6) NOT NULL)[0m
  [1m[36mprimary::SchemaMigration Create (0.3ms)[0m  [1m[32mINSERT INTO "schema_migrations" ("version") VALUES ($1) RETURNING "version"[0m  [["version", "20200505231030"]]
  [1m[35m (0.3ms)[0m  [1m[35mCOMMIT[0m
  [1m[36mActiveRecord::InternalMetadata Load (0.3ms)[0m  [1m[34mSELECT "ar_internal_metadata".* FROM "ar_internal_metadata" WHERE "ar_internal_metadata"."key" = $1 LIMIT $2[0m  [["key", "environment"], ["LIMIT", 1]]
  [1m[35m (0.1ms)[0m  [1m[35mBEGIN[0m
  [1m[36mActiveRecord::InternalMetadata Create (1.5ms)[0m  [1m[32mINSERT INTO "ar_internal_metadata" ("key", "value", "created_at", "updated_at") VALUES ($1, $2, $3, $4) RETURNING "key"[0m  [["key", "environment"], ["value", "development"], ["created_at", "2020-05-05 23:11:02.697745"], ["updated_at", "2020-05-05 23:11:02.697745"]]
  [1m[35m (0.3ms)[0m  [1m[35mCOMMIT[0m
  [1m[35m (0.5ms)[0m  [1m[34mSELECT pg_advisory_unlock(2620032425331935145)[0m
  [1m[35m (1.1ms)[0m  [1m[34mSELECT "schema_migrations"."version" FROM "schema_migrations" ORDER BY "schema_migrations"."version" ASC[0m
  [1m[35m (0.8ms)[0m  [1m[34mSELECT "schema_migrations"."version" FROM "schema_migrations" ORDER BY "schema_migrations"."version" ASC[0m
  [1m[35m (0.1ms)[0m  [1m[35mBEGIN[0m
  [1m[36mTrader Create (2.4ms)[0m  [1m[32mINSERT INTO "traders" ("name", "money", "created_at", "updated_at") VALUES ($1, $2, $3, $4) RETURNING "id"[0m  [["name", "Slimer"], ["money", "1000.0"], ["created_at", "2020-05-05 23:13:17.229219"], ["updated_at", "2020-05-05 23:13:17.229219"]]
  [1m[35m (0.3ms)[0m  [1m[35mCOMMIT[0m
  [1m[35m (0.1ms)[0m  [1m[35mBEGIN[0m
  [1m[36mTrader Create (0.2ms)[0m  [1m[32mINSERT INTO "traders" ("name", "money", "created_at", "updated_at") VALUES ($1, $2, $3, $4) RETURNING "id"[0m  [["name", "Skeletor"], ["money", "1000.0"], ["created_at", "2020-05-05 23:13:17.235006"], ["updated_at", "2020-05-05 23:13:17.235006"]]
  [1m[35m (0.3ms)[0m  [1m[35mCOMMIT[0m
  [1m[35m (0.1ms)[0m  [1m[35mBEGIN[0m
  [1m[36mTrader Create (0.2ms)[0m  [1m[32mINSERT INTO "traders" ("name", "money", "created_at", "updated_at") VALUES ($1, $2, $3, $4) RETURNING "id"[0m  [["name", "Dame Edna"], ["money", "1000.0"], ["created_at", "2020-05-05 23:13:17.237646"], ["updated_at", "2020-05-05 23:13:17.237646"]]
  [1m[35m (0.3ms)[0m  [1m[35mCOMMIT[0m
  [1m[35m (0.1ms)[0m  [1m[35mBEGIN[0m
  [1m[36mTrader Create (0.3ms)[0m  [1m[32mINSERT INTO "traders" ("name", "money", "created_at", "updated_at") VALUES ($1, $2, $3, $4) RETURNING "id"[0m  [["name", "Cousin It"], ["money", "1000.0"], ["created_at", "2020-05-05 23:13:17.240512"], ["updated_at", "2020-05-05 23:13:17.240512"]]
  [1m[35m (0.3ms)[0m  [1m[35mCOMMIT[0m
  [1m[35m (0.1ms)[0m  [1m[35mBEGIN[0m
  [1m[36mTrader Create (0.2ms)[0m  [1m[32mINSERT INTO "traders" ("name", "money", "created_at", "updated_at") VALUES ($1, $2, $3, $4) RETURNING "id"[0m  [["name", "Boomhauer"], ["money", "1000.0"], ["created_at", "2020-05-05 23:13:17.243375"], ["updated_at", "2020-05-05 23:13:17.243375"]]
  [1m[35m (0.3ms)[0m  [1m[35mCOMMIT[0m
  [1m[35m (0.1ms)[0m  [1m[35mBEGIN[0m
  [1m[36mTrader Create (0.3ms)[0m  [1m[32mINSERT INTO "traders" ("name", "money", "created_at", "updated_at") VALUES ($1, $2, $3, $4) RETURNING "id"[0m  [["name", "Molly Ringwald"], ["money", "1000.0"], ["created_at", "2020-05-05 23:13:17.246086"], ["updated_at", "2020-05-05 23:13:17.246086"]]
  [1m[35m (0.3ms)[0m  [1m[35mCOMMIT[0m
  [1m[35m (0.1ms)[0m  [1m[35mBEGIN[0m
  [1m[36mTrader Create (0.3ms)[0m  [1m[32mINSERT INTO "traders" ("name", "money", "created_at", "updated_at") VALUES ($1, $2, $3, $4) RETURNING "id"[0m  [["name", "Vander Von Odd"], ["money", "1000.0"], ["created_at", "2020-05-05 23:13:17.249017"], ["updated_at", "2020-05-05 23:13:17.249017"]]
  [1m[35m (0.3ms)[0m  [1m[35mCOMMIT[0m
  [1m[35m (0.1ms)[0m  [1m[35mBEGIN[0m
  [1m[36mTrader Create (0.2ms)[0m  [1m[32mINSERT INTO "traders" ("name", "money", "created_at", "updated_at") VALUES ($1, $2, $3, $4) RETURNING "id"[0m  [["name", "James A. Garfield"], ["money", "1000.0"], ["created_at", "2020-05-05 23:13:17.251859"], ["updated_at", "2020-05-05 23:13:17.251859"]]
  [1m[35m (0.3ms)[0m  [1m[35mCOMMIT[0m
  [1m[35m (0.1ms)[0m  [1m[35mBEGIN[0m
  [1m[36mTrader Create (1.7ms)[0m  [1m[32mINSERT INTO "traders" ("name", "money", "created_at", "updated_at") VALUES ($1, $2, $3, $4) RETURNING "id"[0m  [["name", "Krang"], ["money", "1234567.9"], ["created_at", "2020-05-05 23:13:17.254675"], ["updated_at", "2020-05-05 23:13:17.254675"]]
  [1m[35m (0.1ms)[0m  [1m[31mROLLBACK[0m
  [1m[35m (1.4ms)[0m  [1m[34mSELECT "schema_migrations"."version" FROM "schema_migrations" ORDER BY "schema_migrations"."version" ASC[0m
  [1m[35m (0.1ms)[0m  [1m[35mBEGIN[0m
  [1m[36mTrader Create (0.6ms)[0m  [1m[32mINSERT INTO "traders" ("name", "money", "created_at", "updated_at") VALUES ($1, $2, $3, $4) RETURNING "id"[0m  [["name", "Slimer"], ["money", "1000.0"], ["created_at", "2020-05-05 23:15:43.372229"], ["updated_at", "2020-05-05 23:15:43.372229"]]
  [1m[35m (0.4ms)[0m  [1m[35mCOMMIT[0m
  [1m[35m (0.1ms)[0m  [1m[35mBEGIN[0m
  [1m[36mTrader Create (0.3ms)[0m  [1m[32mINSERT INTO "traders" ("name", "money", "created_at", "updated_at") VALUES ($1, $2, $3, $4) RETURNING "id"[0m  [["name", "Skeletor"], ["money", "1000.0"], ["created_at", "2020-05-05 23:15:43.376327"], ["updated_at", "2020-05-05 23:15:43.376327"]]
  [1m[35m (0.3ms)[0m  [1m[35mCOMMIT[0m
  [1m[35m (0.1ms)[0m  [1m[35mBEGIN[0m
  [1m[36mTrader Create (0.2ms)[0m  [1m[32mINSERT INTO "traders" ("name", "money", "created_at", "updated_at") VALUES ($1, $2, $3, $4) RETURNING "id"[0m  [["name", "Dame Edna"], ["money", "1000.0"], ["created_at", "2020-05-05 23:15:43.379419"], ["updated_at", "2020-05-05 23:15:43.379419"]]
  [1m[35m (0.3ms)[0m  [1m[35mCOMMIT[0m
  [1m[35m (0.1ms)[0m  [1m[35mBEGIN[0m
  [1m[36mTrader Create (0.2ms)[0m  [1m[32mINSERT INTO "traders" ("name", "money", "created_at", "updated_at") VALUES ($1, $2, $3, $4) RETURNING "id"[0m  [["name", "Cousin It"], ["money", "1000.0"], ["created_at", "2020-05-05 23:15:43.382121"], ["updated_at", "2020-05-05 23:15:43.382121"]]
  [1m[35m (0.3ms)[0m  [1m[35mCOMMIT[0m
  [1m[35m (0.1ms)[0m  [1m[35mBEGIN[0m
  [1m[36mTrader Create (0.3ms)[0m  [1m[32mINSERT INTO "traders" ("name", "money", "created_at", "updated_at") VALUES ($1, $2, $3, $4) RETURNING "id"[0m  [["name", "Boomhauer"], ["money", "1000.0"], ["created_at", "2020-05-05 23:15:43.384813"], ["updated_at", "2020-05-05 23:15:43.384813"]]
  [1m[35m (0.3ms)[0m  [1m[35mCOMMIT[0m
  [1m[35m (0.1ms)[0m  [1m[35mBEGIN[0m
  [1m[36mTrader Create (0.3ms)[0m  [1m[32mINSERT INTO "traders" ("name", "money", "created_at", "updated_at") VALUES ($1, $2, $3, $4) RETURNING "id"[0m  [["name", "Molly Ringwald"], ["money", "1000.0"], ["created_at", "2020-05-05 23:15:43.387585"], ["updated_at", "2020-05-05 23:15:43.387585"]]
  [1m[35m (0.3ms)[0m  [1m[35mCOMMIT[0m
  [1m[35m (0.1ms)[0m  [1m[35mBEGIN[0m
  [1m[36mTrader Create (0.3ms)[0m  [1m[32mINSERT INTO "traders" ("name", "money", "created_at", "updated_at") VALUES ($1, $2, $3, $4) RETURNING "id"[0m  [["name", "Vander Von Odd"], ["money", "1000.0"], ["created_at", "2020-05-05 23:15:43.390728"], ["updated_at", "2020-05-05 23:15:43.390728"]]
  [1m[35m (0.2ms)[0m  [1m[35mCOMMIT[0m
  [1m[35m (0.1ms)[0m  [1m[35mBEGIN[0m
  [1m[36mTrader Create (0.2ms)[0m  [1m[32mINSERT INTO "traders" ("name", "money", "created_at", "updated_at") VALUES ($1, $2, $3, $4) RETURNING "id"[0m  [["name", "James A. Garfield"], ["money", "1000.0"], ["created_at", "2020-05-05 23:15:43.393666"], ["updated_at", "2020-05-05 23:15:43.393666"]]
  [1m[35m (0.2ms)[0m  [1m[35mCOMMIT[0m
  [1m[35m (0.1ms)[0m  [1m[35mBEGIN[0m
  [1m[36mTrader Create (0.8ms)[0m  [1m[32mINSERT INTO "traders" ("name", "money", "created_at", "updated_at") VALUES ($1, $2, $3, $4) RETURNING "id"[0m  [["name", "Krang"], ["money", "1234567.9"], ["created_at", "2020-05-05 23:15:43.396354"], ["updated_at", "2020-05-05 23:15:43.396354"]]
  [1m[35m (0.1ms)[0m  [1m[31mROLLBACK[0m
  [1m[35m (4.4ms)[0m  [1m[34mSELECT COUNT(*) FROM "traders"[0m
  [1m[35m (0.9ms)[0m  [1m[34mSELECT "schema_migrations"."version" FROM "schema_migrations" ORDER BY "schema_migrations"."version" ASC[0m
  [1m[35m (0.1ms)[0m  [1m[35mBEGIN[0m
  [1m[36mTrader Create (0.6ms)[0m  [1m[32mINSERT INTO "traders" ("name", "money", "created_at", "updated_at") VALUES ($1, $2, $3, $4) RETURNING "id"[0m  [["name", "Slimer"], ["money", "1000.0"], ["created_at", "2020-05-05 23:19:20.875809"], ["updated_at", "2020-05-05 23:19:20.875809"]]
  [1m[35m (0.4ms)[0m  [1m[35mCOMMIT[0m
  [1m[35m (0.1ms)[0m  [1m[35mBEGIN[0m
  [1m[36mTrader Create (0.3ms)[0m  [1m[32mINSERT INTO "traders" ("name", "money", "created_at", "updated_at") VALUES ($1, $2, $3, $4) RETURNING "id"[0m  [["name", "Skeletor"], ["money", "1000.0"], ["created_at", "2020-05-05 23:19:20.879541"], ["updated_at", "2020-05-05 23:19:20.879541"]]
  [1m[35m (0.4ms)[0m  [1m[35mCOMMIT[0m
  [1m[35m (0.1ms)[0m  [1m[35mBEGIN[0m
  [1m[36mTrader Create (0.3ms)[0m  [1m[32mINSERT INTO "traders" ("name", "money", "created_at", "updated_at") VALUES ($1, $2, $3, $4) RETURNING "id"[0m  [["name", "Dame Edna"], ["money", "1000.0"], ["created_at", "2020-05-05 23:19:20.882739"], ["updated_at", "2020-05-05 23:19:20.882739"]]
  [1m[35m (0.3ms)[0m  [1m[35mCOMMIT[0m
  [1m[35m (0.1ms)[0m  [1m[35mBEGIN[0m
  [1m[36mTrader Create (0.3ms)[0m  [1m[32mINSERT INTO "traders" ("name", "money", "created_at", "updated_at") VALUES ($1, $2, $3, $4) RETURNING "id"[0m  [["name", "Cousin It"], ["money", "1000.0"], ["created_at", "2020-05-05 23:19:20.885618"], ["updated_at", "2020-05-05 23:19:20.885618"]]
  [1m[35m (0.3ms)[0m  [1m[35mCOMMIT[0m
  [1m[35m (0.1ms)[0m  [1m[35mBEGIN[0m
  [1m[36mTrader Create (0.3ms)[0m  [1m[32mINSERT INTO "traders" ("name", "money", "created_at", "updated_at") VALUES ($1, $2, $3, $4) RETURNING "id"[0m  [["name", "Boomhauer"], ["money", "1000.0"], ["created_at", "2020-05-05 23:19:20.888659"], ["updated_at", "2020-05-05 23:19:20.888659"]]
  [1m[35m (0.3ms)[0m  [1m[35mCOMMIT[0m
  [1m[35m (0.1ms)[0m  [1m[35mBEGIN[0m
  [1m[36mTrader Create (0.3ms)[0m  [1m[32mINSERT INTO "traders" ("name", "money", "created_at", "updated_at") VALUES ($1, $2, $3, $4) RETURNING "id"[0m  [["name", "Molly Ringwald"], ["money", "1000.0"], ["created_at", "2020-05-05 23:19:20.891370"], ["updated_at", "2020-05-05 23:19:20.891370"]]
  [1m[35m (0.3ms)[0m  [1m[35mCOMMIT[0m
  [1m[35m (0.1ms)[0m  [1m[35mBEGIN[0m
  [1m[36mTrader Create (0.4ms)[0m  [1m[32mINSERT INTO "traders" ("name", "money", "created_at", "updated_at") VALUES ($1, $2, $3, $4) RETURNING "id"[0m  [["name", "Vander Von Odd"], ["money", "1000.0"], ["created_at", "2020-05-05 23:19:20.894214"], ["updated_at", "2020-05-05 23:19:20.894214"]]
  [1m[35m (0.5ms)[0m  [1m[35mCOMMIT[0m
  [1m[35m (0.1ms)[0m  [1m[35mBEGIN[0m
  [1m[36mTrader Create (0.3ms)[0m  [1m[32mINSERT INTO "traders" ("name", "money", "created_at", "updated_at") VALUES ($1, $2, $3, $4) RETURNING "id"[0m  [["name", "James A. Garfield"], ["money", "1000.0"], ["created_at", "2020-05-05 23:19:20.897602"], ["updated_at", "2020-05-05 23:19:20.897602"]]
  [1m[35m (0.2ms)[0m  [1m[35mCOMMIT[0m
  [1m[35m (0.1ms)[0m  [1m[35mBEGIN[0m
  [1m[36mTrader Create (0.8ms)[0m  [1m[32mINSERT INTO "traders" ("name", "money", "created_at", "updated_at") VALUES ($1, $2, $3, $4) RETURNING "id"[0m  [["name", "Krang"], ["money", "1234567.9"], ["created_at", "2020-05-05 23:19:20.900553"], ["updated_at", "2020-05-05 23:19:20.900553"]]
  [1m[35m (0.1ms)[0m  [1m[31mROLLBACK[0m
  [1m[35m (0.7ms)[0m  [1m[34mSELECT "schema_migrations"."version" FROM "schema_migrations" ORDER BY "schema_migrations"."version" ASC[0m
  [1m[35m (0.2ms)[0m  [1m[35mBEGIN[0m
  [1m[36mTrader Create (0.6ms)[0m  [1m[32mINSERT INTO "traders" ("name", "money", "created_at", "updated_at") VALUES ($1, $2, $3, $4) RETURNING "id"[0m  [["name", "Slimer"], ["money", "1000.0"], ["created_at", "2020-05-05 23:20:11.515335"], ["updated_at", "2020-05-05 23:20:11.515335"]]
  [1m[35m (0.3ms)[0m  [1m[35mCOMMIT[0m
  [1m[35m (0.1ms)[0m  [1m[35mBEGIN[0m
  [1m[36mTrader Create (0.3ms)[0m  [1m[32mINSERT INTO "traders" ("name", "money", "created_at", "updated_at") VALUES ($1, $2, $3, $4) RETURNING "id"[0m  [["name", "Skeletor"], ["money", "1000.0"], ["created_at", "2020-05-05 23:20:11.519015"], ["updated_at", "2020-05-05 23:20:11.519015"]]
  [1m[35m (0.3ms)[0m  [1m[35mCOMMIT[0m
  [1m[35m (0.1ms)[0m  [1m[35mBEGIN[0m
  [1m[36mTrader Create (0.3ms)[0m  [1m[32mINSERT INTO "traders" ("name", "money", "created_at", "updated_at") VALUES ($1, $2, $3, $4) RETURNING "id"[0m  [["name", "Dame Edna"], ["money", "1000.0"], ["created_at", "2020-05-05 23:20:11.522123"], ["updated_at", "2020-05-05 23:20:11.522123"]]
  [1m[35m (0.3ms)[0m  [1m[35mCOMMIT[0m
  [1m[35m (0.1ms)[0m  [1m[35mBEGIN[0m
  [1m[36mTrader Create (0.2ms)[0m  [1m[32mINSERT INTO "traders" ("name", "money", "created_at", "updated_at") VALUES ($1, $2, $3, $4) RETURNING "id"[0m  [["name", "Cousin It"], ["money", "1000.0"], ["created_at", "2020-05-05 23:20:11.525085"], ["updated_at", "2020-05-05 23:20:11.525085"]]
  [1m[35m (0.3ms)[0m  [1m[35mCOMMIT[0m
  [1m[35m (0.1ms)[0m  [1m[35mBEGIN[0m
  [1m[36mTrader Create (0.3ms)[0m  [1m[32mINSERT INTO "traders" ("name", "money", "created_at", "updated_at") VALUES ($1, $2, $3, $4) RETURNING "id"[0m  [["name", "Boomhauer"], ["money", "1000.0"], ["created_at", "2020-05-05 23:20:11.527785"], ["updated_at", "2020-05-05 23:20:11.527785"]]
  [1m[35m (0.2ms)[0m  [1m[35mCOMMIT[0m
  [1m[35m (0.1ms)[0m  [1m[35mBEGIN[0m
  [1m[36mTrader Create (0.3ms)[0m  [1m[32mINSERT INTO "traders" ("name", "money", "created_at", "updated_at") VALUES ($1, $2, $3, $4) RETURNING "id"[0m  [["name", "Molly Ringwald"], ["money", "1000.0"], ["created_at", "2020-05-05 23:20:11.530803"], ["updated_at", "2020-05-05 23:20:11.530803"]]
  [1m[35m (0.3ms)[0m  [1m[35mCOMMIT[0m
  [1m[35m (0.1ms)[0m  [1m[35mBEGIN[0m
  [1m[36mTrader Create (0.4ms)[0m  [1m[32mINSERT INTO "traders" ("name", "money", "created_at", "updated_at") VALUES ($1, $2, $3, $4) RETURNING "id"[0m  [["name", "Vander Von Odd"], ["money", "1000.0"], ["created_at", "2020-05-05 23:20:11.533665"], ["updated_at", "2020-05-05 23:20:11.533665"]]
  [1m[35m (0.3ms)[0m  [1m[35mCOMMIT[0m
  [1m[35m (0.1ms)[0m  [1m[35mBEGIN[0m
  [1m[36mTrader Create (0.3ms)[0m  [1m[32mINSERT INTO "traders" ("name", "money", "created_at", "updated_at") VALUES ($1, $2, $3, $4) RETURNING "id"[0m  [["name", "James A. Garfield"], ["money", "1000.0"], ["created_at", "2020-05-05 23:20:11.536792"], ["updated_at", "2020-05-05 23:20:11.536792"]]
  [1m[35m (0.3ms)[0m  [1m[35mCOMMIT[0m
  [1m[35m (0.1ms)[0m  [1m[35mBEGIN[0m
  [1m[36mTrader Create (0.3ms)[0m  [1m[32mINSERT INTO "traders" ("name", "money", "created_at", "updated_at") VALUES ($1, $2, $3, $4) RETURNING "id"[0m  [["name", "Krang"], ["money", "123456.89"], ["created_at", "2020-05-05 23:20:11.539640"], ["updated_at", "2020-05-05 23:20:11.539640"]]
  [1m[35m (0.3ms)[0m  [1m[35mCOMMIT[0m
  [1m[35m (0.1ms)[0m  [1m[35mBEGIN[0m
  [1m[36mTrader Create (0.2ms)[0m  [1m[32mINSERT INTO "traders" ("name", "money", "created_at", "updated_at") VALUES ($1, $2, $3, $4) RETURNING "id"[0m  [["name", "Carl Sagan"], ["money", "1000.54"], ["created_at", "2020-05-05 23:20:11.542650"], ["updated_at", "2020-05-05 23:20:11.542650"]]
  [1m[35m (0.2ms)[0m  [1m[35mCOMMIT[0m
  [1m[35m (0.1ms)[0m  [1m[35mBEGIN[0m
  [1m[36mCommodity Create (1.0ms)[0m  [1m[32mINSERT INTO "commodities" ("name", "price", "created_at", "updated_at") VALUES ($1, $2, $3, $4) RETURNING "id"[0m  [["name", "Oil"], ["price", "53.28"], ["created_at", "2020-05-05 23:20:11.553671"], ["updated_at", "2020-05-05 23:20:11.553671"]]
  [1m[35m (0.2ms)[0m  [1m[35mCOMMIT[0m
  [1m[35m (0.1ms)[0m  [1m[35mBEGIN[0m
  [1m[36mCommodity Create (0.3ms)[0m  [1m[32mINSERT INTO "commodities" ("name", "price", "created_at", "updated_at") VALUES ($1, $2, $3, $4) RETURNING "id"[0m  [["name", "Gold"], ["price", "1216.7"], ["created_at", "2020-05-05 23:20:11.557810"], ["updated_at", "2020-05-05 23:20:11.557810"]]
  [1m[35m (0.3ms)[0m  [1m[35mCOMMIT[0m
  [1m[35m (0.1ms)[0m  [1m[35mBEGIN[0m
  [1m[36mCommodity Create (0.3ms)[0m  [1m[32mINSERT INTO "commodities" ("name", "price", "created_at", "updated_at") VALUES ($1, $2, $3, $4) RETURNING "id"[0m  [["name", "Natural Gas"], ["price", "3.18"], ["created_at", "2020-05-05 23:20:11.560805"], ["updated_at", "2020-05-05 23:20:11.560805"]]
  [1m[35m (0.3ms)[0m  [1m[35mCOMMIT[0m
  [1m[35m (0.1ms)[0m  [1m[35mBEGIN[0m
  [1m[36mCommodity Create (0.3ms)[0m  [1m[32mINSERT INTO "commodities" ("name", "price", "created_at", "updated_at") VALUES ($1, $2, $3, $4) RETURNING "id"[0m  [["name", "Copper"], ["price", "2.65"], ["created_at", "2020-05-05 23:20:11.563885"], ["updated_at", "2020-05-05 23:20:11.563885"]]
  [1m[35m (0.3ms)[0m  [1m[35mCOMMIT[0m
  [1m[35m (0.1ms)[0m  [1m[35mBEGIN[0m
  [1m[36mCommodity Create (0.3ms)[0m  [1m[32mINSERT INTO "commodities" ("name", "price", "created_at", "updated_at") VALUES ($1, $2, $3, $4) RETURNING "id"[0m  [["name", "Gasoline"], ["price", "1.6"], ["created_at", "2020-05-05 23:20:11.566903"], ["updated_at", "2020-05-05 23:20:11.566903"]]
  [1m[35m (0.2ms)[0m  [1m[35mCOMMIT[0m
  [1m[35m (0.1ms)[0m  [1m[35mBEGIN[0m
  [1m[36mCommodity Create (0.2ms)[0m  [1m[32mINSERT INTO "commodities" ("name", "price", "created_at", "updated_at") VALUES ($1, $2, $3, $4) RETURNING "id"[0m  [["name", "Silver"], ["price", "17.95"], ["created_at", "2020-05-05 23:20:11.569540"], ["updated_at", "2020-05-05 23:20:11.569540"]]
  [1m[35m (0.3ms)[0m  [1m[35mCOMMIT[0m
  [1m[35m (0.1ms)[0m  [1m[35mBEGIN[0m
  [1m[36mCommodity Create (0.3ms)[0m  [1m[32mINSERT INTO "commodities" ("name", "price", "created_at", "updated_at") VALUES ($1, $2, $3, $4) RETURNING "id"[0m  [["name", "Wheat"], ["price", "428.2"], ["created_at", "2020-05-05 23:20:11.572238"], ["updated_at", "2020-05-05 23:20:11.572238"]]
  [1m[35m (0.3ms)[0m  [1m[35mCOMMIT[0m
  [1m[35m (0.1ms)[0m  [1m[35mBEGIN[0m
  [1m[36mCommodity Create (0.2ms)[0m  [1m[32mINSERT INTO "commodities" ("name", "price", "created_at", "updated_at") VALUES ($1, $2, $3, $4) RETURNING "id"[0m  [["name", "Coffee"], ["price", "153.2"], ["created_at", "2020-05-05 23:20:11.575182"], ["updated_at", "2020-05-05 23:20:11.575182"]]
  [1m[35m (0.3ms)[0m  [1m[35mCOMMIT[0m
  [1m[35m (0.1ms)[0m  [1m[35mBEGIN[0m
  [1m[36mCommodity Create (0.4ms)[0m  [1m[32mINSERT INTO "commodities" ("name", "price", "created_at", "updated_at") VALUES ($1, $2, $3, $4) RETURNING "id"[0m  [["name", "Lumber"], ["price", "325.5"], ["created_at", "2020-05-05 23:20:11.588103"], ["updated_at", "2020-05-05 23:20:11.588103"]]
  [1m[35m (0.3ms)[0m  [1m[35mCOMMIT[0m
  [1m[35m (0.1ms)[0m  [1m[35mBEGIN[0m
  [1m[36mCommodity Create (0.2ms)[0m  [1m[32mINSERT INTO "commodities" ("name", "price", "created_at", "updated_at") VALUES ($1, $2, $3, $4) RETURNING "id"[0m  [["name", "Milk"], ["price", "16.77"], ["created_at", "2020-05-05 23:20:11.591302"], ["updated_at", "2020-05-05 23:20:11.591302"]]
  [1m[35m (0.3ms)[0m  [1m[35mCOMMIT[0m
Started GET "/traders" for ::1 at 2020-05-05 19:21:04 -0400
  [1m[35m (1.2ms)[0m  [1m[34mSELECT "schema_migrations"."version" FROM "schema_migrations" ORDER BY "schema_migrations"."version" ASC[0m
Processing by TradersController#index as HTML
  [1m[36mTrader Load (3.5ms)[0m  [1m[34mSELECT "traders".* FROM "traders"[0m
  ↳ app/controllers/traders_controller.rb:8:in `index'
Completed 200 OK in 23ms (Views: 9.4ms | ActiveRecord: 11.0ms | Allocations: 8701)


Started GET "/favicon.ico" for ::1 at 2020-05-05 19:21:04 -0400
  
ActionController::RoutingError (No route matches [GET] "/favicon.ico"):
  
actionpack (6.0.2.2) lib/action_dispatch/middleware/debug_exceptions.rb:36:in `call'
actionpack (6.0.2.2) lib/action_dispatch/middleware/show_exceptions.rb:33:in `call'
railties (6.0.2.2) lib/rails/rack/logger.rb:38:in `call_app'
railties (6.0.2.2) lib/rails/rack/logger.rb:26:in `block in call'
activesupport (6.0.2.2) lib/active_support/tagged_logging.rb:80:in `block in tagged'
activesupport (6.0.2.2) lib/active_support/tagged_logging.rb:28:in `tagged'
activesupport (6.0.2.2) lib/active_support/tagged_logging.rb:80:in `tagged'
railties (6.0.2.2) lib/rails/rack/logger.rb:26:in `call'
actionpack (6.0.2.2) lib/action_dispatch/middleware/remote_ip.rb:81:in `call'
actionpack (6.0.2.2) lib/action_dispatch/middleware/request_id.rb:27:in `call'
rack (2.2.2) lib/rack/runtime.rb:22:in `call'
activesupport (6.0.2.2) lib/active_support/cache/strategy/local_cache_middleware.rb:29:in `call'
actionpack (6.0.2.2) lib/action_dispatch/middleware/executor.rb:14:in `call'
actionpack (6.0.2.2) lib/action_dispatch/middleware/static.rb:126:in `call'
rack (2.2.2) lib/rack/sendfile.rb:110:in `call'
actionpack (6.0.2.2) lib/action_dispatch/middleware/host_authorization.rb:83:in `call'
railties (6.0.2.2) lib/rails/engine.rb:526:in `call'
puma (4.3.3) lib/puma/configuration.rb:228:in `call'
puma (4.3.3) lib/puma/server.rb:682:in `handle_request'
puma (4.3.3) lib/puma/server.rb:472:in `process_client'
puma (4.3.3) lib/puma/server.rb:328:in `block in run'
puma (4.3.3) lib/puma/thread_pool.rb:134:in `block in spawn_thread'
Started GET "/commodities" for ::1 at 2020-05-05 19:21:50 -0400
Processing by CommoditiesController#index as HTML
  [1m[36mCommodity Load (0.5ms)[0m  [1m[34mSELECT "commodities".* FROM "commodities"[0m
  ↳ app/controllers/commodities_controller.rb:8:in `index'
Completed 200 OK in 12ms (Views: 6.4ms | ActiveRecord: 4.5ms | Allocations: 5353)


  [1m[35m (0.1ms)[0m  [1m[34mSELECT pg_try_advisory_lock(2620032425331935145)[0m
  [1m[35m (1.0ms)[0m  [1m[34mSELECT "schema_migrations"."version" FROM "schema_migrations" ORDER BY "schema_migrations"."version" ASC[0m
Migrating to CreateLedgers (20200505235123)
  [1m[35m (0.1ms)[0m  [1m[35mBEGIN[0m
  [1m[35m (14.6ms)[0m  [1m[35mCREATE TABLE "ledgers" ("id" bigserial primary key, "trader_id" bigint NOT NULL, "commodity_id" bigint NOT NULL, "qty" integer, "created_at" timestamp(6) NOT NULL, "updated_at" timestamp(6) NOT NULL, CONSTRAINT "fk_rails_1fda0a9b92"
FOREIGN KEY ("trader_id")
  REFERENCES "traders" ("id")
, CONSTRAINT "fk_rails_d6b5a24f96"
FOREIGN KEY ("commodity_id")
  REFERENCES "commodities" ("id")
)[0m
  [1m[35m (1.9ms)[0m  [1m[35mCREATE  INDEX  "index_ledgers_on_trader_id" ON "ledgers"  ("trader_id")[0m
  [1m[35m (0.8ms)[0m  [1m[35mCREATE  INDEX  "index_ledgers_on_commodity_id" ON "ledgers"  ("commodity_id")[0m
  [1m[36mprimary::SchemaMigration Create (0.3ms)[0m  [1m[32mINSERT INTO "schema_migrations" ("version") VALUES ($1) RETURNING "version"[0m  [["version", "20200505235123"]]
  [1m[35m (0.5ms)[0m  [1m[35mCOMMIT[0m
  [1m[36mActiveRecord::InternalMetadata Load (4.2ms)[0m  [1m[34mSELECT "ar_internal_metadata".* FROM "ar_internal_metadata" WHERE "ar_internal_metadata"."key" = $1 LIMIT $2[0m  [["key", "environment"], ["LIMIT", 1]]
  [1m[35m (0.3ms)[0m  [1m[34mSELECT pg_advisory_unlock(2620032425331935145)[0m
  [1m[35m (0.9ms)[0m  [1m[34mSELECT "schema_migrations"."version" FROM "schema_migrations" ORDER BY "schema_migrations"."version" ASC[0m
  [1m[36mTrader Load (0.4ms)[0m  [1m[34mSELECT "traders".* FROM "traders" LIMIT $1[0m  [["LIMIT", 11]]
  [1m[36mTrader Exists? (0.4ms)[0m  [1m[34mSELECT 1 AS one FROM "traders" LIMIT $1[0m  [["LIMIT", 1]]
  [1m[36mTrader Load (0.4ms)[0m  [1m[34mSELECT "traders".* FROM "traders"[0m
  [1m[36mLedger Exists? (0.6ms)[0m  [1m[34mSELECT 1 AS one FROM "ledgers" LIMIT $1[0m  [["LIMIT", 1]]
  [1m[35m (0.1ms)[0m  [1m[35mBEGIN[0m
  [1m[36mTrader Load (0.7ms)[0m  [1m[34mSELECT "traders".* FROM "traders" WHERE "traders"."id" = $1 LIMIT $2[0m  [["id", 1], ["LIMIT", 1]]
  [1m[36mCommodity Load (0.4ms)[0m  [1m[34mSELECT "commodities".* FROM "commodities" WHERE "commodities"."id" = $1 LIMIT $2[0m  [["id", 1], ["LIMIT", 1]]
  [1m[36mLedger Create (5.4ms)[0m  [1m[32mINSERT INTO "ledgers" ("trader_id", "commodity_id", "qty", "created_at", "updated_at") VALUES ($1, $2, $3, $4, $5) RETURNING "id"[0m  [["trader_id", 1], ["commodity_id", 1], ["qty", 1], ["created_at", "2020-05-06 00:04:21.995302"], ["updated_at", "2020-05-06 00:04:21.995302"]]
  [1m[35m (0.4ms)[0m  [1m[35mCOMMIT[0m
  [1m[35m (0.2ms)[0m  [1m[35mBEGIN[0m
  [1m[36mTrader Load (0.3ms)[0m  [1m[34mSELECT "traders".* FROM "traders" WHERE "traders"."id" = $1 LIMIT $2[0m  [["id", 2], ["LIMIT", 1]]
  [1m[36mCommodity Load (0.3ms)[0m  [1m[34mSELECT "commodities".* FROM "commodities" WHERE "commodities"."id" = $1 LIMIT $2[0m  [["id", 1], ["LIMIT", 1]]
  [1m[36mLedger Create (0.6ms)[0m  [1m[32mINSERT INTO "ledgers" ("trader_id", "commodity_id", "qty", "created_at", "updated_at") VALUES ($1, $2, $3, $4, $5) RETURNING "id"[0m  [["trader_id", 2], ["commodity_id", 1], ["qty", 1], ["created_at", "2020-05-06 00:06:15.018725"], ["updated_at", "2020-05-06 00:06:15.018725"]]
  [1m[35m (0.5ms)[0m  [1m[35mCOMMIT[0m
  [1m[36mLedger Exists? (0.6ms)[0m  [1m[34mSELECT 1 AS one FROM "ledgers" LIMIT $1[0m  [["LIMIT", 1]]
  [1m[36mLedger Load (0.2ms)[0m  [1m[34mSELECT "ledgers".* FROM "ledgers"[0m
  [1m[36mTrader Load (0.4ms)[0m  [1m[34mSELECT "traders".* FROM "traders" WHERE "traders"."id" = $1 LIMIT $2[0m  [["id", 1], ["LIMIT", 1]]
  [1m[36mTrader Load (0.4ms)[0m  [1m[34mSELECT "traders".* FROM "traders" WHERE "traders"."id" = $1 LIMIT $2[0m  [["id", 1], ["LIMIT", 1]]
  [1m[36mTrader Load (0.2ms)[0m  [1m[34mSELECT "traders".* FROM "traders" WHERE "traders"."id" = $1 LIMIT $2[0m  [["id", 1], ["LIMIT", 1]]
  [1m[36mCommodity Exists? (0.7ms)[0m  [1m[34mSELECT 1 AS one FROM "commodities" INNER JOIN "ledgers" ON "commodities"."id" = "ledgers"."commodity_id" WHERE "ledgers"."trader_id" = $1 LIMIT $2[0m  [["trader_id", 1], ["LIMIT", 1]]
  [1m[36mCommodity Load (0.3ms)[0m  [1m[34mSELECT "commodities".* FROM "commodities" INNER JOIN "ledgers" ON "commodities"."id" = "ledgers"."commodity_id" WHERE "ledgers"."trader_id" = $1[0m  [["trader_id", 1]]
  [1m[35m (0.2ms)[0m  [1m[35mBEGIN[0m
  [1m[36mTrader Load (0.4ms)[0m  [1m[34mSELECT "traders".* FROM "traders" WHERE "traders"."id" = $1 LIMIT $2[0m  [["id", 1], ["LIMIT", 1]]
  [1m[36mCommodity Load (0.3ms)[0m  [1m[34mSELECT "commodities".* FROM "commodities" WHERE "commodities"."id" = $1 LIMIT $2[0m  [["id", 2], ["LIMIT", 1]]
  [1m[36mLedger Create (0.8ms)[0m  [1m[32mINSERT INTO "ledgers" ("trader_id", "commodity_id", "qty", "created_at", "updated_at") VALUES ($1, $2, $3, $4, $5) RETURNING "id"[0m  [["trader_id", 1], ["commodity_id", 2], ["qty", 1], ["created_at", "2020-05-06 00:24:54.886259"], ["updated_at", "2020-05-06 00:24:54.886259"]]
  [1m[35m (1.2ms)[0m  [1m[35mCOMMIT[0m
  [1m[35m (0.3ms)[0m  [1m[35mBEGIN[0m
  [1m[36mTrader Load (0.3ms)[0m  [1m[34mSELECT "traders".* FROM "traders" WHERE "traders"."id" = $1 LIMIT $2[0m  [["id", 2], ["LIMIT", 1]]
  [1m[36mCommodity Load (0.3ms)[0m  [1m[34mSELECT "commodities".* FROM "commodities" WHERE "commodities"."id" = $1 LIMIT $2[0m  [["id", 2], ["LIMIT", 1]]
  [1m[36mLedger Create (0.6ms)[0m  [1m[32mINSERT INTO "ledgers" ("trader_id", "commodity_id", "qty", "created_at", "updated_at") VALUES ($1, $2, $3, $4, $5) RETURNING "id"[0m  [["trader_id", 2], ["commodity_id", 2], ["qty", 1], ["created_at", "2020-05-06 00:25:06.833668"], ["updated_at", "2020-05-06 00:25:06.833668"]]
  [1m[35m (0.4ms)[0m  [1m[35mCOMMIT[0m
  [1m[36mTrader Load (0.4ms)[0m  [1m[34mSELECT "traders".* FROM "traders" WHERE "traders"."id" = $1 LIMIT $2[0m  [["id", 1], ["LIMIT", 1]]
  [1m[36mCommodity Exists? (0.8ms)[0m  [1m[34mSELECT 1 AS one FROM "commodities" INNER JOIN "ledgers" ON "commodities"."id" = "ledgers"."commodity_id" WHERE "ledgers"."trader_id" = $1 LIMIT $2[0m  [["trader_id", 1], ["LIMIT", 1]]
  [1m[36mCommodity Load (0.4ms)[0m  [1m[34mSELECT "commodities".* FROM "commodities" INNER JOIN "ledgers" ON "commodities"."id" = "ledgers"."commodity_id" WHERE "ledgers"."trader_id" = $1[0m  [["trader_id", 1]]
  [1m[36mTrader Load (0.3ms)[0m  [1m[34mSELECT "traders".* FROM "traders" WHERE "traders"."id" = $1 LIMIT $2[0m  [["id", 1], ["LIMIT", 1]]
  [1m[35m (0.1ms)[0m  [1m[35mBEGIN[0m
  [1m[36mCommodity Load (0.3ms)[0m  [1m[34mSELECT "commodities".* FROM "commodities" WHERE "commodities"."id" = $1 LIMIT $2[0m  [["id", 8], ["LIMIT", 1]]
  [1m[36mLedger Create (0.5ms)[0m  [1m[32mINSERT INTO "ledgers" ("trader_id", "commodity_id", "qty", "created_at", "updated_at") VALUES ($1, $2, $3, $4, $5) RETURNING "id"[0m  [["trader_id", 1], ["commodity_id", 8], ["qty", 8], ["created_at", "2020-05-06 00:42:54.521261"], ["updated_at", "2020-05-06 00:42:54.521261"]]
  [1m[35m (0.4ms)[0m  [1m[35mCOMMIT[0m
  [1m[36mTrader Load (0.3ms)[0m  [1m[34mSELECT "traders".* FROM "traders" WHERE "traders"."id" = $1 LIMIT $2[0m  [["id", 1], ["LIMIT", 1]]
  [1m[36mCommodity Exists? (0.5ms)[0m  [1m[34mSELECT 1 AS one FROM "commodities" INNER JOIN "ledgers" ON "commodities"."id" = "ledgers"."commodity_id" WHERE "ledgers"."trader_id" = $1 LIMIT $2[0m  [["trader_id", 1], ["LIMIT", 1]]
  [1m[36mCommodity Load (0.5ms)[0m  [1m[34mSELECT "commodities".* FROM "commodities" INNER JOIN "ledgers" ON "commodities"."id" = "ledgers"."commodity_id" WHERE "ledgers"."trader_id" = $1[0m  [["trader_id", 1]]
  [1m[36mTrader Load (0.4ms)[0m  [1m[34mSELECT "traders".* FROM "traders" WHERE "traders"."id" = $1 LIMIT $2[0m  [["id", 3], ["LIMIT", 1]]
  [1m[35m (0.1ms)[0m  [1m[35mBEGIN[0m
  [1m[36mCommodity Create (3.1ms)[0m  [1m[32mINSERT INTO "commodities" ("name", "price", "created_at", "updated_at") VALUES ($1, $2, $3, $4) RETURNING "id"[0m  [["name", "iPhones"], ["price", "300.0"], ["created_at", "2020-05-06 00:50:25.240128"], ["updated_at", "2020-05-06 00:50:25.240128"]]
  [1m[36mLedger Create (0.7ms)[0m  [1m[32mINSERT INTO "ledgers" ("trader_id", "commodity_id", "created_at", "updated_at") VALUES ($1, $2, $3, $4) RETURNING "id"[0m  [["trader_id", 3], ["commodity_id", 11], ["created_at", "2020-05-06 00:50:25.245153"], ["updated_at", "2020-05-06 00:50:25.245153"]]
  [1m[35m (0.4ms)[0m  [1m[35mCOMMIT[0m
  [1m[36mTrader Load (0.4ms)[0m  [1m[34mSELECT "traders".* FROM "traders" WHERE "traders"."id" = $1 LIMIT $2[0m  [["id", 3], ["LIMIT", 1]]
  [1m[36mLedger Exists? (0.4ms)[0m  [1m[34mSELECT 1 AS one FROM "ledgers" WHERE "ledgers"."trader_id" = $1 LIMIT $2[0m  [["trader_id", 3], ["LIMIT", 1]]
  [1m[36mLedger Load (0.3ms)[0m  [1m[34mSELECT "ledgers".* FROM "ledgers" WHERE "ledgers"."trader_id" = $1[0m  [["trader_id", 3]]
  [1m[36mCommodity Load (0.5ms)[0m  [1m[34mSELECT "commodities".* FROM "commodities" WHERE "commodities"."id" = $1 LIMIT $2[0m  [["id", 4], ["LIMIT", 1]]
  [1m[35m (0.1ms)[0m  [1m[35mBEGIN[0m
  [1m[36mTrader Create (0.5ms)[0m  [1m[32mINSERT INTO "traders" ("name", "money", "created_at", "updated_at") VALUES ($1, $2, $3, $4) RETURNING "id"[0m  [["name", "Dumbo"], ["money", "1.0"], ["created_at", "2020-05-06 00:52:01.089992"], ["updated_at", "2020-05-06 00:52:01.089992"]]
  [1m[36mLedger Create (0.5ms)[0m  [1m[32mINSERT INTO "ledgers" ("trader_id", "commodity_id", "created_at", "updated_at") VALUES ($1, $2, $3, $4) RETURNING "id"[0m  [["trader_id", 35], ["commodity_id", 4], ["created_at", "2020-05-06 00:52:01.092219"], ["updated_at", "2020-05-06 00:52:01.092219"]]
  [1m[35m (0.5ms)[0m  [1m[35mCOMMIT[0m
  [1m[36mCommodity Load (0.4ms)[0m  [1m[34mSELECT "commodities".* FROM "commodities" WHERE "commodities"."id" = $1 LIMIT $2[0m  [["id", 4], ["LIMIT", 1]]
  [1m[36mLedger Exists? (0.4ms)[0m  [1m[34mSELECT 1 AS one FROM "ledgers" WHERE "ledgers"."commodity_id" = $1 LIMIT $2[0m  [["commodity_id", 4], ["LIMIT", 1]]
  [1m[36mLedger Load (0.3ms)[0m  [1m[34mSELECT "ledgers".* FROM "ledgers" WHERE "ledgers"."commodity_id" = $1[0m  [["commodity_id", 4]]
Started GET "/commodities" for ::1 at 2020-05-05 20:56:06 -0400
  [1m[35m (0.8ms)[0m  [1m[34mSELECT "schema_migrations"."version" FROM "schema_migrations" ORDER BY "schema_migrations"."version" ASC[0m
Processing by CommoditiesController#index as HTML
  [1m[36mCommodity Load (0.8ms)[0m  [1m[34mSELECT "commodities".* FROM "commodities"[0m
  ↳ app/controllers/commodities_controller.rb:8:in `index'
Completed 200 OK in 17ms (Views: 6.9ms | ActiveRecord: 6.1ms | Allocations: 7274)


Started GET "/commodities" for ::1 at 2020-05-05 20:58:17 -0400
Processing by CommoditiesController#index as HTML
  [1m[36mCommodity Load (0.4ms)[0m  [1m[34mSELECT "commodities".* FROM "commodities"[0m
  ↳ app/controllers/commodities_controller.rb:8:in `index'
  [1m[36mTrader Load (1.2ms)[0m  [1m[34mSELECT "traders".* FROM "traders" INNER JOIN "ledgers" ON "traders"."id" = "ledgers"."trader_id" WHERE "ledgers"."commodity_id" = $1[0m  [["commodity_id", 1]]
  ↳ app/controllers/commodities_controller.rb:8:in `index'
  [1m[36mTrader Load (0.4ms)[0m  [1m[34mSELECT "traders".* FROM "traders" INNER JOIN "ledgers" ON "traders"."id" = "ledgers"."trader_id" WHERE "ledgers"."commodity_id" = $1[0m  [["commodity_id", 2]]
  ↳ app/controllers/commodities_controller.rb:8:in `index'
  [1m[36mTrader Load (0.3ms)[0m  [1m[34mSELECT "traders".* FROM "traders" INNER JOIN "ledgers" ON "traders"."id" = "ledgers"."trader_id" WHERE "ledgers"."commodity_id" = $1[0m  [["commodity_id", 3]]
  ↳ app/controllers/commodities_controller.rb:8:in `index'
  [1m[36mTrader Load (0.4ms)[0m  [1m[34mSELECT "traders".* FROM "traders" INNER JOIN "ledgers" ON "traders"."id" = "ledgers"."trader_id" WHERE "ledgers"."commodity_id" = $1[0m  [["commodity_id", 4]]
  ↳ app/controllers/commodities_controller.rb:8:in `index'
  [1m[36mTrader Load (0.3ms)[0m  [1m[34mSELECT "traders".* FROM "traders" INNER JOIN "ledgers" ON "traders"."id" = "ledgers"."trader_id" WHERE "ledgers"."commodity_id" = $1[0m  [["commodity_id", 5]]
  ↳ app/controllers/commodities_controller.rb:8:in `index'
  [1m[36mTrader Load (0.3ms)[0m  [1m[34mSELECT "traders".* FROM "traders" INNER JOIN "ledgers" ON "traders"."id" = "ledgers"."trader_id" WHERE "ledgers"."commodity_id" = $1[0m  [["commodity_id", 6]]
  ↳ app/controllers/commodities_controller.rb:8:in `index'
  [1m[36mTrader Load (0.3ms)[0m  [1m[34mSELECT "traders".* FROM "traders" INNER JOIN "ledgers" ON "traders"."id" = "ledgers"."trader_id" WHERE "ledgers"."commodity_id" = $1[0m  [["commodity_id", 7]]
  ↳ app/controllers/commodities_controller.rb:8:in `index'
  [1m[36mTrader Load (0.2ms)[0m  [1m[34mSELECT "traders".* FROM "traders" INNER JOIN "ledgers" ON "traders"."id" = "ledgers"."trader_id" WHERE "ledgers"."commodity_id" = $1[0m  [["commodity_id", 8]]
  ↳ app/controllers/commodities_controller.rb:8:in `index'
  [1m[36mTrader Load (0.2ms)[0m  [1m[34mSELECT "traders".* FROM "traders" INNER JOIN "ledgers" ON "traders"."id" = "ledgers"."trader_id" WHERE "ledgers"."commodity_id" = $1[0m  [["commodity_id", 9]]
  ↳ app/controllers/commodities_controller.rb:8:in `index'
  [1m[36mTrader Load (0.3ms)[0m  [1m[34mSELECT "traders".* FROM "traders" INNER JOIN "ledgers" ON "traders"."id" = "ledgers"."trader_id" WHERE "ledgers"."commodity_id" = $1[0m  [["commodity_id", 10]]
  ↳ app/controllers/commodities_controller.rb:8:in `index'
  [1m[36mTrader Load (0.2ms)[0m  [1m[34mSELECT "traders".* FROM "traders" INNER JOIN "ledgers" ON "traders"."id" = "ledgers"."trader_id" WHERE "ledgers"."commodity_id" = $1[0m  [["commodity_id", 11]]
  ↳ app/controllers/commodities_controller.rb:8:in `index'
Completed 200 OK in 66ms (Views: 0.1ms | ActiveRecord: 14.4ms | Allocations: 26598)


Started GET "/commodities" for ::1 at 2020-05-05 20:59:09 -0400
Processing by CommoditiesController#index as HTML
  [1m[36mCommodity Load (0.3ms)[0m  [1m[34mSELECT "commodities".* FROM "commodities"[0m
  ↳ app/controllers/commodities_controller.rb:8:in `index'
  [1m[36mTrader Load (0.3ms)[0m  [1m[34mSELECT "traders".* FROM "traders" INNER JOIN "ledgers" ON "traders"."id" = "ledgers"."trader_id" WHERE "ledgers"."commodity_id" = $1[0m  [["commodity_id", 1]]
  ↳ app/controllers/commodities_controller.rb:8:in `index'
  [1m[36mTrader Load (0.2ms)[0m  [1m[34mSELECT "traders".* FROM "traders" INNER JOIN "ledgers" ON "traders"."id" = "ledgers"."trader_id" WHERE "ledgers"."commodity_id" = $1[0m  [["commodity_id", 2]]
  ↳ app/controllers/commodities_controller.rb:8:in `index'
  [1m[36mTrader Load (0.2ms)[0m  [1m[34mSELECT "traders".* FROM "traders" INNER JOIN "ledgers" ON "traders"."id" = "ledgers"."trader_id" WHERE "ledgers"."commodity_id" = $1[0m  [["commodity_id", 3]]
  ↳ app/controllers/commodities_controller.rb:8:in `index'
  [1m[36mTrader Load (0.2ms)[0m  [1m[34mSELECT "traders".* FROM "traders" INNER JOIN "ledgers" ON "traders"."id" = "ledgers"."trader_id" WHERE "ledgers"."commodity_id" = $1[0m  [["commodity_id", 4]]
  ↳ app/controllers/commodities_controller.rb:8:in `index'
  [1m[36mTrader Load (0.2ms)[0m  [1m[34mSELECT "traders".* FROM "traders" INNER JOIN "ledgers" ON "traders"."id" = "ledgers"."trader_id" WHERE "ledgers"."commodity_id" = $1[0m  [["commodity_id", 5]]
  ↳ app/controllers/commodities_controller.rb:8:in `index'
  [1m[36mTrader Load (0.2ms)[0m  [1m[34mSELECT "traders".* FROM "traders" INNER JOIN "ledgers" ON "traders"."id" = "ledgers"."trader_id" WHERE "ledgers"."commodity_id" = $1[0m  [["commodity_id", 6]]
  ↳ app/controllers/commodities_controller.rb:8:in `index'
  [1m[36mTrader Load (0.1ms)[0m  [1m[34mSELECT "traders".* FROM "traders" INNER JOIN "ledgers" ON "traders"."id" = "ledgers"."trader_id" WHERE "ledgers"."commodity_id" = $1[0m  [["commodity_id", 7]]
  ↳ app/controllers/commodities_controller.rb:8:in `index'
  [1m[36mTrader Load (0.1ms)[0m  [1m[34mSELECT "traders".* FROM "traders" INNER JOIN "ledgers" ON "traders"."id" = "ledgers"."trader_id" WHERE "ledgers"."commodity_id" = $1[0m  [["commodity_id", 8]]
  ↳ app/controllers/commodities_controller.rb:8:in `index'
  [1m[36mTrader Load (0.1ms)[0m  [1m[34mSELECT "traders".* FROM "traders" INNER JOIN "ledgers" ON "traders"."id" = "ledgers"."trader_id" WHERE "ledgers"."commodity_id" = $1[0m  [["commodity_id", 9]]
  ↳ app/controllers/commodities_controller.rb:8:in `index'
  [1m[36mTrader Load (0.2ms)[0m  [1m[34mSELECT "traders".* FROM "traders" INNER JOIN "ledgers" ON "traders"."id" = "ledgers"."trader_id" WHERE "ledgers"."commodity_id" = $1[0m  [["commodity_id", 10]]
  ↳ app/controllers/commodities_controller.rb:8:in `index'
  [1m[36mTrader Load (0.2ms)[0m  [1m[34mSELECT "traders".* FROM "traders" INNER JOIN "ledgers" ON "traders"."id" = "ledgers"."trader_id" WHERE "ledgers"."commodity_id" = $1[0m  [["commodity_id", 11]]
  ↳ app/controllers/commodities_controller.rb:8:in `index'
Completed 200 OK in 40ms (Views: 0.1ms | ActiveRecord: 12.3ms | Allocations: 23508)


Started GET "/traders" for ::1 at 2020-05-05 21:00:37 -0400
Processing by TradersController#index as HTML
  [1m[36mTrader Load (0.3ms)[0m  [1m[34mSELECT "traders".* FROM "traders"[0m
  ↳ app/controllers/traders_controller.rb:8:in `index'
  [1m[36mCommodity Load (0.5ms)[0m  [1m[34mSELECT "commodities".* FROM "commodities" INNER JOIN "ledgers" ON "commodities"."id" = "ledgers"."commodity_id" WHERE "ledgers"."trader_id" = $1[0m  [["trader_id", 1]]
  ↳ app/controllers/traders_controller.rb:8:in `index'
  [1m[36mCommodity Load (0.5ms)[0m  [1m[34mSELECT "commodities".* FROM "commodities" INNER JOIN "ledgers" ON "commodities"."id" = "ledgers"."commodity_id" WHERE "ledgers"."trader_id" = $1[0m  [["trader_id", 2]]
  ↳ app/controllers/traders_controller.rb:8:in `index'
  [1m[36mCommodity Load (0.6ms)[0m  [1m[34mSELECT "commodities".* FROM "commodities" INNER JOIN "ledgers" ON "commodities"."id" = "ledgers"."commodity_id" WHERE "ledgers"."trader_id" = $1[0m  [["trader_id", 3]]
  ↳ app/controllers/traders_controller.rb:8:in `index'
  [1m[36mCommodity Load (0.4ms)[0m  [1m[34mSELECT "commodities".* FROM "commodities" INNER JOIN "ledgers" ON "commodities"."id" = "ledgers"."commodity_id" WHERE "ledgers"."trader_id" = $1[0m  [["trader_id", 4]]
  ↳ app/controllers/traders_controller.rb:8:in `index'
  [1m[36mCommodity Load (0.4ms)[0m  [1m[34mSELECT "commodities".* FROM "commodities" INNER JOIN "ledgers" ON "commodities"."id" = "ledgers"."commodity_id" WHERE "ledgers"."trader_id" = $1[0m  [["trader_id", 5]]
  ↳ app/controllers/traders_controller.rb:8:in `index'
  [1m[36mCommodity Load (0.3ms)[0m  [1m[34mSELECT "commodities".* FROM "commodities" INNER JOIN "ledgers" ON "commodities"."id" = "ledgers"."commodity_id" WHERE "ledgers"."trader_id" = $1[0m  [["trader_id", 6]]
  ↳ app/controllers/traders_controller.rb:8:in `index'
  [1m[36mCommodity Load (0.2ms)[0m  [1m[34mSELECT "commodities".* FROM "commodities" INNER JOIN "ledgers" ON "commodities"."id" = "ledgers"."commodity_id" WHERE "ledgers"."trader_id" = $1[0m  [["trader_id", 7]]
  ↳ app/controllers/traders_controller.rb:8:in `index'
  [1m[36mCommodity Load (0.2ms)[0m  [1m[34mSELECT "commodities".* FROM "commodities" INNER JOIN "ledgers" ON "commodities"."id" = "ledgers"."commodity_id" WHERE "ledgers"."trader_id" = $1[0m  [["trader_id", 8]]
  ↳ app/controllers/traders_controller.rb:8:in `index'
  [1m[36mCommodity Load (0.2ms)[0m  [1m[34mSELECT "commodities".* FROM "commodities" INNER JOIN "ledgers" ON "commodities"."id" = "ledgers"."commodity_id" WHERE "ledgers"."trader_id" = $1[0m  [["trader_id", 9]]
  ↳ app/controllers/traders_controller.rb:8:in `index'
  [1m[36mCommodity Load (0.2ms)[0m  [1m[34mSELECT "commodities".* FROM "commodities" INNER JOIN "ledgers" ON "commodities"."id" = "ledgers"."commodity_id" WHERE "ledgers"."trader_id" = $1[0m  [["trader_id", 10]]
  ↳ app/controllers/traders_controller.rb:8:in `index'
  [1m[36mCommodity Load (0.2ms)[0m  [1m[34mSELECT "commodities".* FROM "commodities" INNER JOIN "ledgers" ON "commodities"."id" = "ledgers"."commodity_id" WHERE "ledgers"."trader_id" = $1[0m  [["trader_id", 11]]
  ↳ app/controllers/traders_controller.rb:8:in `index'
  [1m[36mCommodity Load (0.2ms)[0m  [1m[34mSELECT "commodities".* FROM "commodities" INNER JOIN "ledgers" ON "commodities"."id" = "ledgers"."commodity_id" WHERE "ledgers"."trader_id" = $1[0m  [["trader_id", 12]]
  ↳ app/controllers/traders_controller.rb:8:in `index'
  [1m[36mCommodity Load (0.2ms)[0m  [1m[34mSELECT "commodities".* FROM "commodities" INNER JOIN "ledgers" ON "commodities"."id" = "ledgers"."commodity_id" WHERE "ledgers"."trader_id" = $1[0m  [["trader_id", 13]]
  ↳ app/controllers/traders_controller.rb:8:in `index'
  [1m[36mCommodity Load (0.2ms)[0m  [1m[34mSELECT "commodities".* FROM "commodities" INNER JOIN "ledgers" ON "commodities"."id" = "ledgers"."commodity_id" WHERE "ledgers"."trader_id" = $1[0m  [["trader_id", 14]]
  ↳ app/controllers/traders_controller.rb:8:in `index'
  [1m[36mCommodity Load (0.2ms)[0m  [1m[34mSELECT "commodities".* FROM "commodities" INNER JOIN "ledgers" ON "commodities"."id" = "ledgers"."commodity_id" WHERE "ledgers"."trader_id" = $1[0m  [["trader_id", 15]]
  ↳ app/controllers/traders_controller.rb:8:in `index'
  [1m[36mCommodity Load (0.2ms)[0m  [1m[34mSELECT "commodities".* FROM "commodities" INNER JOIN "ledgers" ON "commodities"."id" = "ledgers"."commodity_id" WHERE "ledgers"."trader_id" = $1[0m  [["trader_id", 16]]
  ↳ app/controllers/traders_controller.rb:8:in `index'
  [1m[36mCommodity Load (0.2ms)[0m  [1m[34mSELECT "commodities".* FROM "commodities" INNER JOIN "ledgers" ON "commodities"."id" = "ledgers"."commodity_id" WHERE "ledgers"."trader_id" = $1[0m  [["trader_id", 17]]
  ↳ app/controllers/traders_controller.rb:8:in `index'
  [1m[36mCommodity Load (0.3ms)[0m  [1m[34mSELECT "commodities".* FROM "commodities" INNER JOIN "ledgers" ON "commodities"."id" = "ledgers"."commodity_id" WHERE "ledgers"."trader_id" = $1[0m  [["trader_id", 18]]
  ↳ app/controllers/traders_controller.rb:8:in `index'
  [1m[36mCommodity Load (0.3ms)[0m  [1m[34mSELECT "commodities".* FROM "commodities" INNER JOIN "ledgers" ON "commodities"."id" = "ledgers"."commodity_id" WHERE "ledgers"."trader_id" = $1[0m  [["trader_id", 19]]
  ↳ app/controllers/traders_controller.rb:8:in `index'
  [1m[36mCommodity Load (0.3ms)[0m  [1m[34mSELECT "commodities".* FROM "commodities" INNER JOIN "ledgers" ON "commodities"."id" = "ledgers"."commodity_id" WHERE "ledgers"."trader_id" = $1[0m  [["trader_id", 20]]
  ↳ app/controllers/traders_controller.rb:8:in `index'
  [1m[36mCommodity Load (0.2ms)[0m  [1m[34mSELECT "commodities".* FROM "commodities" INNER JOIN "ledgers" ON "commodities"."id" = "ledgers"."commodity_id" WHERE "ledgers"."trader_id" = $1[0m  [["trader_id", 21]]
  ↳ app/controllers/traders_controller.rb:8:in `index'
  [1m[36mCommodity Load (0.3ms)[0m  [1m[34mSELECT "commodities".* FROM "commodities" INNER JOIN "ledgers" ON "commodities"."id" = "ledgers"."commodity_id" WHERE "ledgers"."trader_id" = $1[0m  [["trader_id", 22]]
  ↳ app/controllers/traders_controller.rb:8:in `index'
  [1m[36mCommodity Load (0.2ms)[0m  [1m[34mSELECT "commodities".* FROM "commodities" INNER JOIN "ledgers" ON "commodities"."id" = "ledgers"."commodity_id" WHERE "ledgers"."trader_id" = $1[0m  [["trader_id", 23]]
  ↳ app/controllers/traders_controller.rb:8:in `index'
  [1m[36mCommodity Load (0.1ms)[0m  [1m[34mSELECT "commodities".* FROM "commodities" INNER JOIN "ledgers" ON "commodities"."id" = "ledgers"."commodity_id" WHERE "ledgers"."trader_id" = $1[0m  [["trader_id", 24]]
  ↳ app/controllers/traders_controller.rb:8:in `index'
  [1m[36mCommodity Load (0.2ms)[0m  [1m[34mSELECT "commodities".* FROM "commodities" INNER JOIN "ledgers" ON "commodities"."id" = "ledgers"."commodity_id" WHERE "ledgers"."trader_id" = $1[0m  [["trader_id", 25]]
  ↳ app/controllers/traders_controller.rb:8:in `index'
  [1m[36mCommodity Load (0.2ms)[0m  [1m[34mSELECT "commodities".* FROM "commodities" INNER JOIN "ledgers" ON "commodities"."id" = "ledgers"."commodity_id" WHERE "ledgers"."trader_id" = $1[0m  [["trader_id", 26]]
  ↳ app/controllers/traders_controller.rb:8:in `index'
  [1m[36mCommodity Load (0.2ms)[0m  [1m[34mSELECT "commodities".* FROM "commodities" INNER JOIN "ledgers" ON "commodities"."id" = "ledgers"."commodity_id" WHERE "ledgers"."trader_id" = $1[0m  [["trader_id", 27]]
  ↳ app/controllers/traders_controller.rb:8:in `index'
  [1m[36mCommodity Load (0.3ms)[0m  [1m[34mSELECT "commodities".* FROM "commodities" INNER JOIN "ledgers" ON "commodities"."id" = "ledgers"."commodity_id" WHERE "ledgers"."trader_id" = $1[0m  [["trader_id", 28]]
  ↳ app/controllers/traders_controller.rb:8:in `index'
  [1m[36mCommodity Load (0.1ms)[0m  [1m[34mSELECT "commodities".* FROM "commodities" INNER JOIN "ledgers" ON "commodities"."id" = "ledgers"."commodity_id" WHERE "ledgers"."trader_id" = $1[0m  [["trader_id", 29]]
  ↳ app/controllers/traders_controller.rb:8:in `index'
  [1m[36mCommodity Load (0.1ms)[0m  [1m[34mSELECT "commodities".* FROM "commodities" INNER JOIN "ledgers" ON "commodities"."id" = "ledgers"."commodity_id" WHERE "ledgers"."trader_id" = $1[0m  [["trader_id", 30]]
  ↳ app/controllers/traders_controller.rb:8:in `index'
  [1m[36mCommodity Load (0.2ms)[0m  [1m[34mSELECT "commodities".* FROM "commodities" INNER JOIN "ledgers" ON "commodities"."id" = "ledgers"."commodity_id" WHERE "ledgers"."trader_id" = $1[0m  [["trader_id", 31]]
  ↳ app/controllers/traders_controller.rb:8:in `index'
  [1m[36mCommodity Load (0.1ms)[0m  [1m[34mSELECT "commodities".* FROM "commodities" INNER JOIN "ledgers" ON "commodities"."id" = "ledgers"."commodity_id" WHERE "ledgers"."trader_id" = $1[0m  [["trader_id", 32]]
  ↳ app/controllers/traders_controller.rb:8:in `index'
  [1m[36mCommodity Load (0.1ms)[0m  [1m[34mSELECT "commodities".* FROM "commodities" INNER JOIN "ledgers" ON "commodities"."id" = "ledgers"."commodity_id" WHERE "ledgers"."trader_id" = $1[0m  [["trader_id", 33]]
  ↳ app/controllers/traders_controller.rb:8:in `index'
  [1m[36mCommodity Load (0.1ms)[0m  [1m[34mSELECT "commodities".* FROM "commodities" INNER JOIN "ledgers" ON "commodities"."id" = "ledgers"."commodity_id" WHERE "ledgers"."trader_id" = $1[0m  [["trader_id", 34]]
  ↳ app/controllers/traders_controller.rb:8:in `index'
  [1m[36mCommodity Load (0.1ms)[0m  [1m[34mSELECT "commodities".* FROM "commodities" INNER JOIN "ledgers" ON "commodities"."id" = "ledgers"."commodity_id" WHERE "ledgers"."trader_id" = $1[0m  [["trader_id", 35]]
  ↳ app/controllers/traders_controller.rb:8:in `index'
Completed 200 OK in 83ms (Views: 0.1ms | ActiveRecord: 19.1ms | Allocations: 49746)


